/data/class/cs175/sdzhigne/.conda/envs/rl/lib/python3.11/site-packages/pygame/pkgdata.py:25: UserWarning: pkg_resources is deprecated as an API. See https://setuptools.pypa.io/en/latest/pkg_resources.html. The pkg_resources package is slated for removal as early as 2025-11-30. Refrain from using this package or pin to Setuptools<81.
  from pkg_resources import resource_stream, resource_exists
Failed to create secure directory (/run/user/2173138/pulse): No such file or directory
Failed to create secure directory (/run/user/2173138/pulse): No such file or directory
CURRENT ACTION 0
REWARD 0
CURRENT ACTION 2
REWARD 0
CURRENT ACTION 2
REWARD 0
CURRENT ACTION 3
REWARD 0
CURRENT ACTION 3
REWARD 0
CURRENT ACTION 0
REWARD 0
CURRENT ACTION 3
REWARD 0
CURRENT ACTION 3
REWARD 0
CURRENT ACTION 3
REWARD 0
CURRENT ACTION 2
REWARD 0
CURRENT ACTION 2
REWARD 0
CURRENT ACTION 1
REWARD 0
CURRENT ACTION 2
REWARD 0
CURRENT ACTION 1
REWARD 0
CURRENT ACTION 0
REWARD 0
CURRENT ACTION 1
REWARD 0
CURRENT ACTION 2
REWARD 0
CURRENT ACTION 0
REWARD 0
CURRENT ACTION 3
REWARD 0
CURRENT ACTION 1
DIED
